[LOG] SystemI::init                            : FMOD Studio Version: 00010813 (80479)
[LOG] SystemI::init                            : maxchannels = 1024, flags = 00030000, extradriverdata = 0000000000000000
[LOG] SystemI::close                           : 
[LOG] SystemI::close                           : Stop all sounds
[LOG] SystemI::close                           : done.

[LOG] OutputWASAPI::init                       : Mix Format (WAVEFORMATEX): wFormatTag=0xFFFE, nChannels=2, nSamplesPerSec=48000, nAvgBytesPerSec=384000, nBlockAlign=8, wBitsPerSample=32, cbSize=22.
[LOG] OutputWASAPI::init                       : Mix Format (WAVEFORMATEXTENSIBLE): wValidBitsPerSample=32, dwChannelMask=0x00000003, SubFormat=00000003-0000-0010-8000-00AA00389B71.
[LOG] OutputWASAPI::init                       : Output buffer size: 4096 samples, latency: 0.00ms, period: 10.00ms, DSP buffer: 1024 * 4
[LOG] Thread::initThread                       : Initializing FMOD mixer thread.  priority 3
[LOG] Thread::initThread                       : - Stacksize 49152.  Stack pointer 0000000000000000 : usesemaphore = 0 : sleeptime = 0
[LOG] Thread::callback                         : * FMOD mixer thread started
[LOG] SystemI::init                            : Set up emulated output
[LOG] SystemI::init                            : create the channel pool
[LOG] Thread::initThread                       : Initializing FMOD stream thread.  priority 2
[LOG] Thread::initThread                       : - Stacksize 65536.  Stack pointer 0000000000000000 : usesemaphore = 0 : sleeptime = 10
[LOG] Thread::callback                         : * FMOD stream thread started
[LOG] Thread::initThread                       : Initializing FMOD Studio update thread.  priority 0
[LOG] Thread::initThread                       : - Stacksize 65536.  Stack pointer 0000000000000000 : usesemaphore = 0 : sleeptime = 1
[LOG] Thread::callback                         : * FMOD Studio update thread started
[LOG] Thread::initThread                       : Initializing FMOD Studio sample load thread.  priority 0
[LOG] Thread::initThread                       : - Stacksize 65536.  Stack pointer 0000000000000000 : usesemaphore = 0 : sleeptime = 1
[LOG] Thread::callback                         : * FMOD Studio sample load thread started
[LOG] LiveUpdate::init                         : 
[LOG] Thread::initThread                       : Initializing FMOD Studio bank load thread.  priority 0
[LOG] Thread::initThread                       : - Stacksize 65536.  Stack pointer 0000000000000000 : usesemaphore = 0 : sleeptime = 1
[LOG] Thread::callback                         : * FMOD Studio bank load thread started
[LOG] Profile::init                            : Profiler listening on port: 9264
[LOG] Manager::readBank                        : fileversion = 80, compatVersion = 70 (oldest = 44, newest = 80)
[LOG] Manager::readBank                        : fileversion = 80, compatVersion = 70 (oldest = 44, newest = 80)
[LOG] PlaybackSystem::acquireMasterBus         : Setting master channel group format to 3
[LOG] SystemI::createSound                     : filename = Assets\FMOD\BuildFmod\Desktop/Master Bank.bank : mode 02010082
[LOG] SystemI::createSound                     : FMOD_NONBLOCKING specified.  Putting into queue to be opened asynchronously!
[LOG] Thread::initThread                       : Initializing FMOD nonblocking thread (0).  priority 1
[LOG] Thread::initThread                       : - Stacksize 81920.  Stack pointer 0000000000000000 : usesemaphore = 1 : sleeptime = 0
[LOG] Thread::callback                         : * FMOD nonblocking thread (0) started
[LOG] SystemI::createSound                     : setdata soundi = 000000003FD89788 : node = 0000000012504390
[LOG] SystemI::createSound                     : add node to async list : head = 000000003FE9CBF8.  list count = 0
[LOG] AsyncThread::threadFunc                  : Starting Asynchronous operation on sound 000000003FD89788
[LOG] SystemI::createSoundInternal             :     filename = Assets\FMOD\BuildFmod\Desktop/Master Bank.bank : mode 02010082
[LOG] SystemI::createSoundInternal             :     exinfo->cbsize             = 232
[LOG] SystemI::createSoundInternal             :     exinfo->length             = 3622336
[LOG] SystemI::createSoundInternal             :     exinfo->fileoffset         = 22368
[LOG] SystemI::createSoundInternal             :     exinfo->numsubsounds       = 1
[LOG] SystemI::createSoundInternal             :     exinfo->inclusionlist      = 00000000125044A8
[LOG] SystemI::createSoundInternal             :     exinfo->inclusionlistnum   = 1
[LOG] SystemI::createSoundInternal             :     exinfo->suggestedsoundtype = 5
[LOG] SystemI::createSoundInternal             :     exinfo->initialseekpostype = 1
[LOG] SystemI::createSoundInternal             :     filename =  : mode 02000202
[LOG] SystemI::createSoundInternal             :     exinfo->cbsize             = 232
[LOG] SystemI::createSoundInternal             :     exinfo->length             = 3622336
[LOG] SystemI::createSoundInternal             :     exinfo->fileoffset         = 22368
[LOG] SystemI::createSoundInternal             :     exinfo->numsubsounds       = 1
[LOG] SystemI::createSoundInternal             :     exinfo->inclusionlist      = 000000007361FB38
[LOG] SystemI::createSoundInternal             :     exinfo->inclusionlistnum   = 1
[LOG] SystemI::createSoundInternal             :     exinfo->suggestedsoundtype = 5
[LOG] SystemI::createSoundInternal             :     exinfo->useropen           = 00007FFBD9714C00
[LOG] SystemI::createSoundInternal             :     exinfo->userclose          = 00007FFBD9714BD0
[LOG] SystemI::createSoundInternal             :     exinfo->userread           = 00007FFBD9714CD0
[LOG] SystemI::createSoundInternal             :     exinfo->userseek           = 00007FFBD9714D80
[LOG] SystemI::createSoundInternal             :     exinfo->fileuserdata       = 0000000012574DD8
[LOG] SystemI::createSoundInternal             :     exinfo->initialseekpostype = 1
[LOG] SystemI::createSoundInternal             :     Format has 1 subsounds.
[LOG] SystemI::createSoundInternal             :     Format has 1 subsounds.
[LOG] SystemI::createSoundInternal             :     Create as FMOD_CREATESTREAM
[LOG] SystemI::createSoundInternal             :     Create as FMOD_CREATESAMPLE
[LOG] System::createSoundInternal              :     decode buffersize = 19200 : blocksize = 256 : format = 2
[LOG] SystemI::createSoundInternal             :     Multi-sample sound (1 subsounds), create a sample container.
[LOG] SystemI::createSample                    :     mode 02010082 length 19200 samples, lengthbytes 623200
[LOG] SystemI::createSample                    :     channels = 2
[LOG] SystemI::createSoundInternal             :     creating subsound 0/1
[LOG] SystemI::createSample                    :     output = 000000003DC4DAA8
[LOG] SystemI::createSample                    :     mode 02000202 length 19641 samples, lengthbytes 3488
[LOG] OutputSoftware::createSample             :     lengthpcm 19200, lengthbytes 623200, channels 2, format 2, freq 48000, mode 0201008a
[LOG] SystemI::createSample                    :     channels = 1
[LOG] SystemI::createSample                    :     output = 000000003DC4DAA8
[LOG] OutputSoftware::createSample             :     lengthpcm 19641, lengthbytes 3488, channels 1, format 2, freq 48000, mode 0200020a
[LOG] System::createSoundInternal              :     1 subsounds detected.
[LOG] System::createSoundInternal              :     Seek stream to start
[LOG] System::createSoundInternal              :     flush stream buffer
[LOG] SystemI::createSoundInternal             :     No name found in file, use filename.
[LOG] SystemI::createSoundInternal             :     done.  OpenState now = FMOD_OPENSTATE_READY.

[LOG] SystemI::createSoundInternal             :     filename =  : mode 02000202
[LOG] SystemI::createSoundInternal             :     exinfo->cbsize             = 232
[LOG] SystemI::createSoundInternal             :     exinfo->length             = 3622336
[LOG] SystemI::createSoundInternal             :     exinfo->fileoffset         = 22368
[LOG] SystemI::createSoundInternal             :     exinfo->numsubsounds       = 1
[LOG] SystemI::createSoundInternal             :     exinfo->inclusionlist      = 000000007361FB38
[LOG] SystemI::createSoundInternal             :     exinfo->inclusionlistnum   = 1
[LOG] SystemI::createSoundInternal             :     exinfo->suggestedsoundtype = 5
[LOG] SystemI::createSoundInternal             :     exinfo->useropen           = 00007FFBD9714C00
[LOG] SystemI::createSoundInternal             :     exinfo->userclose          = 00007FFBD9714BD0
[LOG] SystemI::createSoundInternal             :     exinfo->userread           = 00007FFBD9714CD0
[LOG] SystemI::createSoundInternal             :     exinfo->userseek           = 00007FFBD9714D80
[LOG] SystemI::createSoundInternal             :     exinfo->fileuserdata       = 0000000012574DD8
[LOG] SystemI::createSoundInternal             :     exinfo->initialseekpostype = 1
[LOG] SystemI::createSoundInternal             :     Format has 1 subsounds.
[LOG] SystemI::createSoundInternal             :     Create as FMOD_CREATESAMPLE
[LOG] SystemI::createSoundInternal             :     Multi-sample sound (1 subsounds), create a sample container.
[LOG] SystemI::createSoundInternal             :     creating subsound 0/1
[LOG] SystemI::createSample                    :     mode 02000202 length 19641 samples, lengthbytes 3456
[LOG] SystemI::createSample                    :     channels = 1
[LOG] SystemI::createSample                    :     output = 000000003DC4DAA8
[LOG] OutputSoftware::createSample             :     lengthpcm 19641, lengthbytes 3456, channels 1, format 2, freq 48000, mode 0200020a
[LOG] SystemI::createSoundInternal             :     No name found in file, use filename.
[LOG] SystemI::createSoundInternal             :     done.  OpenState now = FMOD_OPENSTATE_READY.

[LOG] SystemI::createSoundInternal             :     filename =  : mode 02000202
[LOG] SystemI::createSoundInternal             :     exinfo->cbsize             = 232
[LOG] SystemI::createSoundInternal             :     exinfo->length             = 3622336
[LOG] SystemI::createSoundInternal             :     exinfo->fileoffset         = 22368
[LOG] SystemI::createSoundInternal             :     exinfo->numsubsounds       = 1
[LOG] SystemI::createSoundInternal             :     exinfo->inclusionlist      = 000000007361FB38
[LOG] SystemI::createSoundInternal             :     exinfo->inclusionlistnum   = 1
[LOG] SystemI::createSoundInternal             :     exinfo->suggestedsoundtype = 5
[LOG] SystemI::createSoundInternal             :     exinfo->useropen           = 00007FFBD9714C00
[LOG] SystemI::createSoundInternal             :     exinfo->userclose          = 00007FFBD9714BD0
[LOG] SystemI::createSoundInternal             :     exinfo->userread           = 00007FFBD9714CD0
[LOG] SystemI::createSoundInternal             :     exinfo->userseek           = 00007FFBD9714D80
[LOG] SystemI::createSoundInternal             :     exinfo->fileuserdata       = 0000000012574DD8
[LOG] SystemI::createSoundInternal             :     exinfo->initialseekpostype = 1
[LOG] SystemI::createSoundInternal             :     Format has 1 subsounds.
[LOG] SystemI::createSoundInternal             :     Create as FMOD_CREATESAMPLE
[LOG] SystemI::createSoundInternal             :     Multi-sample sound (1 subsounds), create a sample container.
[LOG] SystemI::createSoundInternal             :     creating subsound 0/1
[LOG] SystemI::createSample                    :     mode 02000202 length 19641 samples, lengthbytes 3424
[LOG] SystemI::createSample                    :     channels = 1
[LOG] SystemI::createSample                    :     output = 000000003DC4DAA8
[LOG] OutputSoftware::createSample             :     lengthpcm 19641, lengthbytes 3424, channels 1, format 2, freq 48000, mode 0200020a
[LOG] SystemI::createSoundInternal             :     No name found in file, use filename.
[LOG] SystemI::createSoundInternal             :     done.  OpenState now = FMOD_OPENSTATE_READY.

[LOG] SystemI::createSoundInternal             :     filename =  : mode 02000202
[LOG] SystemI::createSoundInternal             :     exinfo->cbsize             = 232
[LOG] SystemI::createSoundInternal             :     exinfo->length             = 3622336
[LOG] SystemI::createSoundInternal             :     exinfo->fileoffset         = 22368
[LOG] SystemI::createSoundInternal             :     exinfo->numsubsounds       = 1
[LOG] SystemI::createSoundInternal             :     exinfo->inclusionlist      = 000000007361FB38
[LOG] SystemI::createSoundInternal             :     exinfo->inclusionlistnum   = 1
[LOG] SystemI::createSoundInternal             :     exinfo->suggestedsoundtype = 5
[LOG] SystemI::createSoundInternal             :     exinfo->useropen           = 00007FFBD9714C00
[LOG] SystemI::createSoundInternal             :     exinfo->userclose          = 00007FFBD9714BD0
[LOG] SystemI::createSoundInternal             :     exinfo->userread           = 00007FFBD9714CD0
[LOG] SystemI::createSoundInternal             :     exinfo->userseek           = 00007FFBD9714D80
[LOG] SystemI::createSoundInternal             :     exinfo->fileuserdata       = 0000000012574DD8
[LOG] SystemI::createSoundInternal             :     exinfo->initialseekpostype = 1
[LOG] SystemI::createSoundInternal             :     Format has 1 subsounds.
[LOG] SystemI::createSoundInternal             :     Create as FMOD_CREATESAMPLE
[LOG] SystemI::createSoundInternal             :     Multi-sample sound (1 subsounds), create a sample container.
[LOG] SystemI::createSoundInternal             :     creating subsound 0/1
[LOG] SystemI::createSample                    :     mode 02000202 length 19641 samples, lengthbytes 3488
[LOG] SystemI::createSample                    :     channels = 1
[LOG] SystemI::createSample                    :     output = 000000003DC4DAA8
[LOG] OutputSoftware::createSample             :     lengthpcm 19641, lengthbytes 3488, channels 1, format 2, freq 48000, mode 0200020a
[LOG] SystemI::createSoundInternal             :     No name found in file, use filename.
[LOG] SystemI::createSoundInternal             :     done.  OpenState now = FMOD_OPENSTATE_READY.

[LOG] SystemI::createSoundInternal             :     filename =  : mode 02000202
[LOG] SystemI::createSoundInternal             :     exinfo->cbsize             = 232
[LOG] SystemI::createSoundInternal             :     exinfo->length             = 3622336
[LOG] SystemI::createSoundInternal             :     exinfo->fileoffset         = 22368
[LOG] SystemI::createSoundInternal             :     exinfo->numsubsounds       = 1
[LOG] SystemI::createSoundInternal             :     exinfo->inclusionlist      = 000000007361FB38
[LOG] SystemI::createSoundInternal             :     exinfo->inclusionlistnum   = 1
[LOG] SystemI::createSoundInternal             :     exinfo->suggestedsoundtype = 5
[LOG] SystemI::createSoundInternal             :     exinfo->useropen           = 00007FFBD9714C00
[LOG] SystemI::createSoundInternal             :     exinfo->userclose          = 00007FFBD9714BD0
[LOG] SystemI::createSoundInternal             :     exinfo->userread           = 00007FFBD9714CD0
[LOG] SystemI::createSoundInternal             :     exinfo->userseek           = 00007FFBD9714D80
[LOG] SystemI::createSoundInternal             :     exinfo->fileuserdata       = 0000000012574DD8
[LOG] SystemI::createSoundInternal             :     exinfo->initialseekpostype = 1
[LOG] SystemI::createSoundInternal             :     Format has 1 subsounds.
[LOG] SystemI::createSoundInternal             :     Create as FMOD_CREATESAMPLE
[LOG] SystemI::createSoundInternal             :     Multi-sample sound (1 subsounds), create a sample container.
[LOG] SystemI::createSoundInternal             :     creating subsound 0/1
[LOG] SystemI::createSample                    :     mode 02000202 length 384000 samples, lengthbytes 61760
[LOG] SystemI::createSample                    :     channels = 1
[LOG] SystemI::createSample                    :     output = 000000003DC4DAA8
[LOG] OutputSoftware::createSample             :     lengthpcm 384000, lengthbytes 61760, channels 1, format 2, freq 48000, mode 0200020a
[LOG] SystemI::createSoundInternal             :     No name found in file, use filename.
[LOG] SystemI::createSoundInternal             :     done.  OpenState now = FMOD_OPENSTATE_READY.

[LOG] SystemI::createSoundInternal             :     filename =  : mode 02000202
[LOG] SystemI::createSoundInternal             :     exinfo->cbsize             = 232
[LOG] SystemI::createSoundInternal             :     exinfo->length             = 3622336
[LOG] SystemI::createSoundInternal             :     exinfo->fileoffset         = 22368
[LOG] SystemI::createSoundInternal             :     exinfo->numsubsounds       = 1
[LOG] SystemI::createSoundInternal             :     exinfo->inclusionlist      = 000000007361FB38
[LOG] SystemI::createSoundInternal             :     exinfo->inclusionlistnum   = 1
[LOG] SystemI::createSoundInternal             :     exinfo->suggestedsoundtype = 5
[LOG] SystemI::createSoundInternal             :     exinfo->useropen           = 00007FFBD9714C00
[LOG] SystemI::createSoundInternal             :     exinfo->userclose          = 00007FFBD9714BD0
[LOG] SystemI::createSoundInternal             :     exinfo->userread           = 00007FFBD9714CD0
[LOG] SystemI::createSoundInternal             :     exinfo->userseek           = 00007FFBD9714D80
[LOG] SystemI::createSoundInternal             :     exinfo->fileuserdata       = 0000000012574DD8
[LOG] SystemI::createSoundInternal             :     exinfo->initialseekpostype = 1
[LOG] SystemI::createSoundInternal             :     Format has 1 subsounds.
[LOG] SystemI::createSoundInternal             :     Create as FMOD_CREATESAMPLE
[LOG] SystemI::createSoundInternal             :     Multi-sample sound (1 subsounds), create a sample container.
[LOG] SystemI::createSoundInternal             :     creating subsound 0/1
[LOG] SystemI::createSample                    :     mode 02000202 length 19641 samples, lengthbytes 3392
[LOG] SystemI::createSample                    :     channels = 1
[LOG] SystemI::createSample                    :     output = 000000003DC4DAA8
[LOG] OutputSoftware::createSample             :     lengthpcm 19641, lengthbytes 3392, channels 1, format 2, freq 48000, mode 0200020a
[LOG] SystemI::createSoundInternal             :     No name found in file, use filename.
[LOG] SystemI::createSoundInternal             :     done.  OpenState now = FMOD_OPENSTATE_READY.

[LOG] SystemI::createSoundInternal             :     filename =  : mode 02000202
[LOG] SystemI::createSoundInternal             :     exinfo->cbsize             = 232
[LOG] SystemI::createSoundInternal             :     exinfo->length             = 3622336
[LOG] SystemI::createSoundInternal             :     exinfo->fileoffset         = 22368
[LOG] SystemI::createSoundInternal             :     exinfo->numsubsounds       = 1
[LOG] SystemI::createSoundInternal             :     exinfo->inclusionlist      = 000000007361FB38
[LOG] SystemI::createSoundInternal             :     exinfo->inclusionlistnum   = 1
[LOG] SystemI::createSoundInternal             :     exinfo->suggestedsoundtype = 5
[LOG] SystemI::createSoundInternal             :     exinfo->useropen           = 00007FFBD9714C00
[LOG] SystemI::createSoundInternal             :     exinfo->userclose          = 00007FFBD9714BD0
[LOG] SystemI::createSoundInternal             :     exinfo->userread           = 00007FFBD9714CD0
[LOG] SystemI::createSoundInternal             :     exinfo->userseek           = 00007FFBD9714D80
[LOG] SystemI::createSoundInternal             :     exinfo->fileuserdata       = 0000000012574DD8
[LOG] SystemI::createSoundInternal             :     exinfo->initialseekpostype = 1
[LOG] SystemI::createSoundInternal             :     Format has 1 subsounds.
[LOG] SystemI::createSoundInternal             :     Create as FMOD_CREATESAMPLE
[LOG] SystemI::createSoundInternal             :     Multi-sample sound (1 subsounds), create a sample container.
[LOG] SystemI::createSoundInternal             :     creating subsound 0/1
[LOG] SystemI::createSample                    :     mode 02000202 length 19641 samples, lengthbytes 3360
[LOG] SystemI::createSample                    :     channels = 1
[LOG] SystemI::createSample                    :     output = 000000003DC4DAA8
[LOG] OutputSoftware::createSample             :     lengthpcm 19641, lengthbytes 3360, channels 1, format 2, freq 48000, mode 0200020a
[LOG] SystemI::createSoundInternal             :     No name found in file, use filename.
[LOG] SystemI::createSoundInternal             :     done.  OpenState now = FMOD_OPENSTATE_READY.

[LOG] SystemI::createSoundInternal             :     filename =  : mode 02000202
[LOG] SystemI::createSoundInternal             :     exinfo->cbsize             = 232
[LOG] System::createSoundInternal              :     flush successful.
[LOG] SystemI::createSoundInternal             :     exinfo->length             = 3622336
[LOG] System::createSoundInternal              :     switch file handle from small blocking single buffered to large nonblocking doublebuffered.
[LOG] SystemI::createSoundInternal             :     exinfo->fileoffset         = 22368
[LOG] SystemI::createSoundInternal             :     exinfo->numsubsounds       = 1
[LOG] SystemI::createSoundInternal             :     exinfo->inclusionlist      = 000000007361FB38
[LOG] SystemI::createSoundInternal             :     exinfo->inclusionlistnum   = 1
[LOG] SystemI::createSoundInternal             :     exinfo->suggestedsoundtype = 5
[LOG] Thread::initThread                       :         Initializing FMOD file thread.  priority 1
[LOG] SystemI::createSoundInternal             :         exinfo->useropen           = 00007FFBD9714C00
[LOG] Thread::initThread                       :         - Stacksize 16384.  Stack pointer 0000000000000000 : usesemaphore = 0 : sleeptime = 10
[LOG] SystemI::createSoundInternal             :         exinfo->userclose          = 00007FFBD9714BD0
[LOG] SystemI::createSoundInternal             :         exinfo->userread           = 00007FFBD9714CD0
[LOG] SystemI::createSoundInternal             :         exinfo->userseek           = 00007FFBD9714D80
[LOG] SystemI::createSoundInternal             :         exinfo->fileuserdata       = 0000000012574DD8
[LOG] SystemI::createSoundInternal             :         exinfo->initialseekpostype = 1
[LOG] SystemI::createSoundInternal             :         Format has 1 subsounds.
[LOG] SystemI::createSoundInternal             :         Create as FMOD_CREATESAMPLE
[LOG] SystemI::createSoundInternal             :         Multi-sample sound (1 subsounds), create a sample container.
[LOG] SystemI::createSoundInternal             :         creating subsound 0/1
[LOG] SystemI::createSample                    :         mode 02000202 length 19641 samples, lengthbytes 3488
[LOG] SystemI::createSample                    :         channels = 1
[LOG] SystemI::createSample                    :         output = 000000003DC4DAA8
[LOG] OutputSoftware::createSample             :         lengthpcm 19641, lengthbytes 3488, channels 1, format 2, freq 48000, mode 0200020a
[LOG] SystemI::createSoundInternal             :         No name found in file, use filename.
[LOG] SystemI::createSoundInternal             :         done.  OpenState now = FMOD_OPENSTATE_READY.

[LOG] SystemI::createSoundInternal             :         filename =  : mode 02000202
[LOG] SystemI::createSoundInternal             :         exinfo->cbsize             = 232
[LOG] SystemI::createSoundInternal             :         exinfo->length             = 3622336
[LOG] SystemI::createSoundInternal             :         exinfo->fileoffset         = 22368
[LOG] SystemI::createSoundInternal             :         exinfo->numsubsounds       = 1
[LOG] SystemI::createSoundInternal             :         exinfo->inclusionlist      = 000000007361FB38
[LOG] SystemI::createSoundInternal             :         exinfo->inclusionlistnum   = 1
[LOG] SystemI::createSoundInternal             :         exinfo->suggestedsoundtype = 5
[LOG] SystemI::createSoundInternal             :         exinfo->useropen           = 00007FFBD9714C00
[LOG] SystemI::createSoundInternal             :         exinfo->userclose          = 00007FFBD9714BD0
[LOG] SystemI::createSoundInternal             :         exinfo->userread           = 00007FFBD9714CD0
[LOG] SystemI::createSoundInternal             :         exinfo->userseek           = 00007FFBD9714D80
[LOG] SystemI::createSoundInternal             :         exinfo->fileuserdata       = 0000000012574DD8
[LOG] SystemI::createSoundInternal             :         exinfo->initialseekpostype = 1
[LOG] SystemI::createSoundInternal             :         Format has 1 subsounds.
[LOG] SystemI::createSoundInternal             :         Create as FMOD_CREATESAMPLE
[LOG] SystemI::createSoundInternal             :         Multi-sample sound (1 subsounds), create a sample container.
[LOG] SystemI::createSoundInternal             :         creating subsound 0/1
[LOG] SystemI::createSample                    :         mode 02000202 length 19641 samples, lengthbytes 3296
[LOG] SystemI::createSample                    :         channels = 1
[LOG] SystemI::createSample                    :         output = 000000003DC4DAA8
[LOG] OutputSoftware::createSample             :         lengthpcm 19641, lengthbytes 3296, channels 1, format 2, freq 48000, mode 0200020a
[LOG] SystemI::createSoundInternal             :         No name found in file, use filename.
[LOG] SystemI::createSoundInternal             :         done.  OpenState now = FMOD_OPENSTATE_READY.

[LOG] Thread::callback                         :         * FMOD file thread started
[LOG] SystemI::createSoundInternal             :     done.  OpenState now = FMOD_OPENSTATE_READY.

[LOG] AsyncThread::threadFunc                  : Finished Asynchronous operation on sound 000000003FD89788
[LOG] SoundI::getSubSound                      : sound 000000003FD89788.  Subsound index 0 / 1
[LOG] AsyncThread::threadFunc                  : Starting Asynchronous operation on sound 000000003FE9E888
[LOG] AsyncThread::threadFunc                  : Finished Asynchronous operation on sound 000000003FE9E888
[LOG] SystemI::createSound                     : filename = Assets\FMOD\BuildFmod\Desktop/Master Bank.bank : mode 02010082
[LOG] SystemI::createSound                     : FMOD_NONBLOCKING specified.  Putting into queue to be opened asynchronously!
[LOG] SystemI::createSound                     : setdata soundi = 000000003FD892A8 : node = 0000000012504CC0
[LOG] SystemI::createSound                     : add node to async list : head = 000000003FE9CBF8.  list count = 0
[LOG] AsyncThread::threadFunc                  : Starting Asynchronous operation on sound 000000003FD892A8
[LOG] SystemI::createSoundInternal             :     filename = Assets\FMOD\BuildFmod\Desktop/Master Bank.bank : mode 02010082
[LOG] SystemI::createSoundInternal             :     exinfo->cbsize             = 232
[LOG] SystemI::createSoundInternal             :     exinfo->length             = 3622336
[LOG] SystemI::createSoundInternal             :     exinfo->fileoffset         = 22368
[LOG] SystemI::createSoundInternal             :     exinfo->numsubsounds       = 1
[LOG] SystemI::createSoundInternal             :     exinfo->inclusionlist      = 0000000012504DD8
[LOG] SystemI::createSoundInternal             :     exinfo->inclusionlistnum   = 1
[LOG] SystemI::createSoundInternal             :     exinfo->suggestedsoundtype = 5
[LOG] SystemI::createSoundInternal             :     exinfo->initialseekposition = 30400
[LOG] SystemI::createSoundInternal             :     exinfo->initialseekpostype = 1
[LOG] SystemI::createSoundInternal             :     Format has 1 subsounds.
[LOG] SystemI::createSoundInternal             :     Create as FMOD_CREATESTREAM
[LOG] System::createSoundInternal              :     decode buffersize = 19200 : blocksize = 256 : format = 2
[LOG] SystemI::createSample                    :     mode 02010082 length 19200 samples, lengthbytes 623200
[LOG] SystemI::createSample                    :     channels = 2
[LOG] SystemI::createSample                    :     output = 000000003DC4DAA8
[LOG] OutputSoftware::createSample             :     lengthpcm 19200, lengthbytes 623200, channels 2, format 2, freq 48000, mode 0201008a
[LOG] System::createSoundInternal              :     1 subsounds detected.
[LOG] System::createSoundInternal              :     Seek stream to start
[LOG] System::createSoundInternal              :     flush stream buffer
[LOG] System::createSoundInternal              :     flush successful.
[LOG] System::createSoundInternal              :     switch file handle from small blocking single buffered to large nonblocking doublebuffered.
[LOG] SystemI::createSoundInternal             :     done.  OpenState now = FMOD_OPENSTATE_READY.

[LOG] AsyncThread::threadFunc                  : Finished Asynchronous operation on sound 000000003FD892A8
[LOG] SoundI::getSubSound                      : sound 000000003FD892A8.  Subsound index 0 / 1
[LOG] SoundI::release                          : Intro_01 (000000003FD89788)
[LOG] SoundI::release                          : remove stream samples. (000000003FD89788)
[LOG] SoundI::release                          :     Intro_01 (0000000040414458)
[LOG] SoundI::release                          : release subsounds. (000000003FD89788)
[LOG] SoundI::release                          :     Intro_01 (000000003FE9E888)
[LOG] SoundI::release                          : release codec. (000000003FD89788)
[LOG] SystemI::createSound                     : filename = Assets\FMOD\BuildFmod\Desktop/Master Bank.bank : mode 02010082
[LOG] SystemI::createSound                     : FMOD_NONBLOCKING specified.  Putting into queue to be opened asynchronously!
[LOG] SystemI::createSound                     : setdata soundi = 000000003FD89448 : node = 0000000012504E10
[LOG] SystemI::createSound                     : add node to async list : head = 000000003FE9CBF8.  list count = 0
[LOG] AsyncThread::threadFunc                  : Starting Asynchronous operation on sound 000000003FD89448
[LOG] SystemI::createSoundInternal             :     filename = Assets\FMOD\BuildFmod\Desktop/Master Bank.bank : mode 02010082
[LOG] SystemI::createSoundInternal             :     exinfo->cbsize             = 232
[LOG] SystemI::createSoundInternal             :     exinfo->length             = 3622336
[LOG] SystemI::createSoundInternal             :     exinfo->fileoffset         = 22368
[LOG] SystemI::createSoundInternal             :     exinfo->numsubsounds       = 1
[LOG] SystemI::createSoundInternal             :     exinfo->inclusionlist      = 0000000012504F28
[LOG] SystemI::createSoundInternal             :     exinfo->inclusionlistnum   = 1
[LOG] SystemI::createSoundInternal             :     exinfo->suggestedsoundtype = 5
[LOG] SystemI::createSoundInternal             :     exinfo->initialseekposition = 36800
[LOG] SystemI::createSoundInternal             :     exinfo->initialseekpostype = 1
[LOG] SystemI::createSoundInternal             :     Format has 1 subsounds.
[LOG] SystemI::createSoundInternal             :     Create as FMOD_CREATESTREAM
[LOG] System::createSoundInternal              :     decode buffersize = 19200 : blocksize = 256 : format = 2
[LOG] SystemI::createSample                    :     mode 02010082 length 19200 samples, lengthbytes 623200
[LOG] SystemI::createSample                    :     channels = 2
[LOG] SystemI::createSample                    :     output = 000000003DC4DAA8
[LOG] OutputSoftware::createSample             :     lengthpcm 19200, lengthbytes 623200, channels 2, format 2, freq 48000, mode 0201008a
[LOG] System::createSoundInternal              :     1 subsounds detected.
[LOG] System::createSoundInternal              :     Seek stream to start
[LOG] System::createSoundInternal              :     flush stream buffer
[LOG] System::createSoundInternal              :     flush successful.
[LOG] System::createSoundInternal              :     switch file handle from small blocking single buffered to large nonblocking doublebuffered.
[LOG] SystemI::createSoundInternal             :     done.  OpenState now = FMOD_OPENSTATE_READY.

[LOG] AsyncThread::threadFunc                  : Finished Asynchronous operation on sound 000000003FD89448
[LOG] SoundI::getSubSound                      : sound 000000003FD89448.  Subsound index 0 / 1
[LOG] SoundI::release                          : Intro_01 (000000003FD892A8)
[LOG] SoundI::release                          : remove stream samples. (000000003FD892A8)
[LOG] SoundI::release                          :     Intro_01 (000000003FDBFF58)
[LOG] SoundI::release                          : release subsounds. (000000003FD892A8)
[LOG] SoundI::release                          :     Intro_01 (000000003FE62CD8)
[LOG] SoundI::release                          : release codec. (000000003FD892A8)
[LOG] SystemI::createSound                     : filename = Assets\FMOD\BuildFmod\Desktop/Master Bank.bank : mode 02010082
[LOG] SystemI::createSound                     : FMOD_NONBLOCKING specified.  Putting into queue to be opened asynchronously!
[LOG] SystemI::createSound                     : setdata soundi = 000000003FD895E8 : node = 0000000012503FA0
[LOG] SystemI::createSound                     : add node to async list : head = 000000003FE9CBF8.  list count = 0
[LOG] AsyncThread::threadFunc                  : Starting Asynchronous operation on sound 000000003FD895E8
[LOG] SystemI::createSoundInternal             :     filename = Assets\FMOD\BuildFmod\Desktop/Master Bank.bank : mode 02010082
[LOG] SystemI::createSoundInternal             :     exinfo->cbsize             = 232
[LOG] SystemI::createSoundInternal             :     exinfo->length             = 3622336
[LOG] SystemI::createSoundInternal             :     exinfo->fileoffset         = 22368
[LOG] SystemI::createSoundInternal             :     exinfo->numsubsounds       = 1
[LOG] SystemI::createSoundInternal             :     exinfo->inclusionlist      = 00000000125040B8
[LOG] SystemI::createSoundInternal             :     exinfo->inclusionlistnum   = 1
[LOG] SystemI::createSoundInternal             :     exinfo->suggestedsoundtype = 5
[LOG] SystemI::createSoundInternal             :     exinfo->initialseekposition = 46397
[LOG] SystemI::createSoundInternal             :     exinfo->initialseekpostype = 1
[LOG] SystemI::createSoundInternal             :     Format has 1 subsounds.
[LOG] SystemI::createSoundInternal             :     Create as FMOD_CREATESTREAM
[LOG] System::createSoundInternal              :     decode buffersize = 19200 : blocksize = 256 : format = 2
[LOG] SystemI::createSample                    :     mode 02010082 length 19200 samples, lengthbytes 623200
[LOG] SystemI::createSample                    :     channels = 2
[LOG] SystemI::createSample                    :     output = 000000003DC4DAA8
[LOG] OutputSoftware::createSample             :     lengthpcm 19200, lengthbytes 623200, channels 2, format 2, freq 48000, mode 0201008a
[LOG] System::createSoundInternal              :     1 subsounds detected.
[LOG] System::createSoundInternal              :     Seek stream to start
[LOG] System::createSoundInternal              :     flush stream buffer
[LOG] System::createSoundInternal              :     flush successful.
[LOG] System::createSoundInternal              :     switch file handle from small blocking single buffered to large nonblocking doublebuffered.
[LOG] SystemI::createSoundInternal             :     done.  OpenState now = FMOD_OPENSTATE_READY.

[LOG] AsyncThread::threadFunc                  : Finished Asynchronous operation on sound 000000003FD895E8
[LOG] SoundI::getSubSound                      : sound 000000003FD895E8.  Subsound index 0 / 1
[LOG] SoundI::release                          : Intro_01 (000000003FD89448)
[LOG] SoundI::release                          : remove stream samples. (000000003FD89448)
[LOG] SoundI::release                          :     Intro_01 (000000003FDC0278)
[LOG] SoundI::release                          : release subsounds. (000000003FD89448)
[LOG] SoundI::release                          :     Intro_01 (000000003FE63018)
[LOG] SoundI::release                          : release codec. (000000003FD89448)
[LOG] SoundI::release                          : Intro_01 (000000003FD895E8)
[LOG] SoundI::release                          : remove stream samples. (000000003FD895E8)
[LOG] SoundI::release                          :     Intro_01 (000000003FDBFDC8)
[LOG] SoundI::release                          : release subsounds. (000000003FD895E8)
[LOG] SoundI::release                          :     Intro_01 (000000003FE62CD8)
[LOG] SoundI::release                          : release codec. (000000003FD895E8)
[LOG] SystemI::createSound                     : filename = Assets\FMOD\BuildFmod\Desktop/Master Bank.bank : mode 02010082
[LOG] SystemI::createSound                     : FMOD_NONBLOCKING specified.  Putting into queue to be opened asynchronously!
[LOG] SystemI::createSound                     : setdata soundi = 000000003DC0A658 : node = 0000000012504CC0
[LOG] SystemI::createSound                     : add node to async list : head = 000000003FE9CBF8.  list count = 0
[LOG] AsyncThread::threadFunc                  : Starting Asynchronous operation on sound 000000003DC0A658
[LOG] SystemI::createSoundInternal             :     filename = Assets\FMOD\BuildFmod\Desktop/Master Bank.bank : mode 02010082
[LOG] SystemI::createSoundInternal             :     exinfo->cbsize             = 232
[LOG] SystemI::createSoundInternal             :     exinfo->length             = 3622336
[LOG] SystemI::createSoundInternal             :     exinfo->fileoffset         = 22368
[LOG] SystemI::createSoundInternal             :     exinfo->numsubsounds       = 1
[LOG] SystemI::createSoundInternal             :     exinfo->inclusionlist      = 0000000012504DD8
[LOG] SystemI::createSoundInternal             :     exinfo->inclusionlistnum   = 1
[LOG] SystemI::createSoundInternal             :     exinfo->suggestedsoundtype = 5
[LOG] SystemI::createSoundInternal             :     exinfo->initialseekpostype = 1
[LOG] SystemI::createSoundInternal             :     Format has 1 subsounds.
[LOG] SystemI::createSoundInternal             :     Create as FMOD_CREATESTREAM
[LOG] System::createSoundInternal              :     decode buffersize = 19200 : blocksize = 256 : format = 2
[LOG] SystemI::createSample                    :     mode 02010082 length 19200 samples, lengthbytes 565568
[LOG] SystemI::createSample                    :     channels = 2
[LOG] SystemI::createSample                    :     output = 000000003DC4DAA8
[LOG] OutputSoftware::createSample             :     lengthpcm 19200, lengthbytes 565568, channels 2, format 2, freq 48000, mode 0201008a
[LOG] System::createSoundInternal              :     1 subsounds detected.
[LOG] System::createSoundInternal              :     Seek stream to start
[LOG] System::createSoundInternal              :     flush stream buffer
[LOG] System::createSoundInternal              :     flush successful.
[LOG] System::createSoundInternal              :     switch file handle from small blocking single buffered to large nonblocking doublebuffered.
[LOG] SystemI::createSoundInternal             :     done.  OpenState now = FMOD_OPENSTATE_READY.

[LOG] AsyncThread::threadFunc                  : Finished Asynchronous operation on sound 000000003DC0A658
[LOG] SoundI::getSubSound                      : sound 000000003DC0A658.  Subsound index 0 / 1
[LOG] SystemI::createSound                     : filename = Assets\FMOD\BuildFmod\Desktop/Master Bank.bank : mode 02010082
[LOG] SystemI::createSound                     : FMOD_NONBLOCKING specified.  Putting into queue to be opened asynchronously!
[LOG] SystemI::createSound                     : setdata soundi = 000000003DC0B1B8 : node = 00000000125044E0
[LOG] SystemI::createSound                     : add node to async list : head = 000000003FE9CBF8.  list count = 0
[LOG] AsyncThread::threadFunc                  : Starting Asynchronous operation on sound 000000003DC0B1B8
[LOG] SystemI::createSound                     : filename = Assets\FMOD\BuildFmod\Desktop/Master Bank.bank : mode 02010082
[LOG] SystemI::createSoundInternal             :     filename = Assets\FMOD\BuildFmod\Desktop/Master Bank.bank : mode 02010082
[LOG] SystemI::createSound                     :     FMOD_NONBLOCKING specified.  Putting into queue to be opened asynchronously!
[LOG] SystemI::createSoundInternal             :     exinfo->cbsize             = 232
[LOG] SystemI::createSoundInternal             :     exinfo->length             = 3622336
[LOG] SystemI::createSound                     :     setdata soundi = 000000003DC09E38 : node = 0000000012504780
[LOG] SystemI::createSoundInternal             :     exinfo->fileoffset         = 22368
[LOG] SystemI::createSound                     :     add node to async list : head = 000000003FE9CBF8.  list count = 0
[LOG] SystemI::createSoundInternal             :     exinfo->numsubsounds       = 1
[LOG] SystemI::createSoundInternal             :     exinfo->inclusionlist      = 00000000125045F8
[LOG] SystemI::createSoundInternal             :     exinfo->inclusionlistnum   = 1
[LOG] SystemI::createSoundInternal             :     exinfo->suggestedsoundtype = 5
[LOG] SystemI::createSoundInternal             :     exinfo->initialseekposition = 41933
[LOG] SystemI::createSoundInternal             :     exinfo->initialseekpostype = 1
[LOG] SystemI::createSoundInternal             :     Format has 1 subsounds.
[LOG] SystemI::createSoundInternal             :     Create as FMOD_CREATESTREAM
[LOG] System::createSoundInternal              :     decode buffersize = 19200 : blocksize = 256 : format = 2
[LOG] SystemI::createSample                    :     mode 02010082 length 19200 samples, lengthbytes 565568
[LOG] SystemI::createSample                    :     channels = 2
[LOG] SystemI::createSample                    :     output = 000000003DC4DAA8
[LOG] OutputSoftware::createSample             :     lengthpcm 19200, lengthbytes 565568, channels 2, format 2, freq 48000, mode 0201008a
[LOG] System::createSoundInternal              :     1 subsounds detected.
[LOG] System::createSoundInternal              :     Seek stream to start
[LOG] System::createSoundInternal              :     flush stream buffer
[LOG] System::createSoundInternal              :     flush successful.
[LOG] System::createSoundInternal              :     switch file handle from small blocking single buffered to large nonblocking doublebuffered.
[LOG] SystemI::createSoundInternal             :     done.  OpenState now = FMOD_OPENSTATE_READY.

[LOG] AsyncThread::threadFunc                  : Finished Asynchronous operation on sound 000000003DC0B1B8
[LOG] AsyncThread::threadFunc                  : Starting Asynchronous operation on sound 000000003DC09E38
[LOG] SystemI::createSoundInternal             :     filename = Assets\FMOD\BuildFmod\Desktop/Master Bank.bank : mode 02010082
[LOG] SystemI::createSoundInternal             :     exinfo->cbsize             = 232
[LOG] SystemI::createSoundInternal             :     exinfo->length             = 3622336
[LOG] SystemI::createSoundInternal             :     exinfo->fileoffset         = 22368
[LOG] SystemI::createSoundInternal             :     exinfo->numsubsounds       = 1
[LOG] SystemI::createSoundInternal             :     exinfo->inclusionlist      = 0000000012504898
[LOG] SystemI::createSoundInternal             :     exinfo->inclusionlistnum   = 1
[LOG] SystemI::createSoundInternal             :     exinfo->suggestedsoundtype = 5
[LOG] SystemI::createSoundInternal             :     exinfo->initialseekpostype = 1
[LOG] SystemI::createSoundInternal             :     Format has 1 subsounds.
[LOG] SystemI::createSoundInternal             :     Create as FMOD_CREATESTREAM
[LOG] System::createSoundInternal              :     decode buffersize = 19200 : blocksize = 256 : format = 2
[LOG] SystemI::createSample                    :     mode 02010082 length 19200 samples, lengthbytes 889152
[LOG] SystemI::createSample                    :     channels = 2
[LOG] SystemI::createSample                    :     output = 000000003DC4DAA8
[LOG] OutputSoftware::createSample             :     lengthpcm 19200, lengthbytes 889152, channels 2, format 2, freq 48000, mode 0201008a
[LOG] System::createSoundInternal              :     1 subsounds detected.
[LOG] System::createSoundInternal              :     Seek stream to start
[LOG] System::createSoundInternal              :     flush stream buffer
[LOG] System::createSoundInternal              :     flush successful.
[LOG] System::createSoundInternal              :     switch file handle from small blocking single buffered to large nonblocking doublebuffered.
[LOG] SystemI::createSoundInternal             :     done.  OpenState now = FMOD_OPENSTATE_READY.

[LOG] AsyncThread::threadFunc                  : Finished Asynchronous operation on sound 000000003DC09E38
[LOG] SoundI::getSubSound                      : sound 000000003DC0B1B8.  Subsound index 0 / 1
[LOG] SoundI::getSubSound                      : sound 000000003DC09E38.  Subsound index 0 / 1
[LOG] SystemI::createSound                     : filename = Assets\FMOD\BuildFmod\Desktop/Master Bank.bank : mode 02010082
[LOG] SystemI::createSound                     : FMOD_NONBLOCKING specified.  Putting into queue to be opened asynchronously!
[LOG] SystemI::createSound                     : setdata soundi = 000000003FE62CD8 : node = 0000000012503A60
[LOG] SystemI::createSound                     : add node to async list : head = 000000003FE9CBF8.  list count = 0
[LOG] AsyncThread::threadFunc                  : Starting Asynchronous operation on sound 000000003FE62CD8
[LOG] SystemI::createSoundInternal             :     filename = Assets\FMOD\BuildFmod\Desktop/Master Bank.bank : mode 02010082
[LOG] SystemI::createSoundInternal             :     exinfo->cbsize             = 232
[LOG] SystemI::createSoundInternal             :     exinfo->length             = 3622336
[LOG] SystemI::createSoundInternal             :     exinfo->fileoffset         = 22368
[LOG] SystemI::createSoundInternal             :     exinfo->numsubsounds       = 1
[LOG] SystemI::createSoundInternal             :     exinfo->inclusionlist      = 0000000012503B78
[LOG] SystemI::createSoundInternal             :     exinfo->inclusionlistnum   = 1
[LOG] SystemI::createSoundInternal             :     exinfo->suggestedsoundtype = 5
[LOG] SystemI::createSoundInternal             :     exinfo->initialseekpostype = 1
[LOG] SystemI::createSoundInternal             :     Format has 1 subsounds.
[LOG] SystemI::createSoundInternal             :     Create as FMOD_CREATESTREAM
[LOG] System::createSoundInternal              :     decode buffersize = 19200 : blocksize = 256 : format = 2
[LOG] SystemI::createSample                    :     mode 02010082 length 19200 samples, lengthbytes 1452320
[LOG] SystemI::createSample                    :     channels = 2
[LOG] SystemI::createSample                    :     output = 000000003DC4DAA8
[LOG] OutputSoftware::createSample             :     lengthpcm 19200, lengthbytes 1452320, channels 2, format 2, freq 48000, mode 0201008a
[LOG] System::createSoundInternal              :     1 subsounds detected.
[LOG] System::createSoundInternal              :     Seek stream to start
[LOG] System::createSoundInternal              :     flush stream buffer
[LOG] System::createSoundInternal              :     flush successful.
[LOG] System::createSoundInternal              :     switch file handle from small blocking single buffered to large nonblocking doublebuffered.
[LOG] SystemI::createSoundInternal             :     done.  OpenState now = FMOD_OPENSTATE_READY.

[LOG] AsyncThread::threadFunc                  : Finished Asynchronous operation on sound 000000003FE62CD8
[LOG] SoundI::getSubSound                      : sound 000000003FE62CD8.  Subsound index 0 / 1
[LOG] SoundI::release                          : Salita_02 (000000003DC0A658)
[LOG] SoundI::release                          : remove stream samples. (000000003DC0A658)
[LOG] SoundI::release                          :     Salita_02 (00000000404145E8)
[LOG] SoundI::release                          : release subsounds. (000000003DC0A658)
[LOG] SoundI::release                          :     Salita_02 (000000003FE9E888)
[LOG] SoundI::release                          : release codec. (000000003DC0A658)
[LOG] AsyncThread::threadFunc                  : Starting Asynchronous operation on sound 000000003DC09FD8
[LOG] AsyncThread::threadFunc                  : Finished Asynchronous operation on sound 000000003DC09FD8
[LOG] SoundI::release                          : Salita_02 (000000003DC0B1B8)
[LOG] SoundI::release                          : remove stream samples. (000000003DC0B1B8)
[LOG] SoundI::release                          :     Salita_02 (0000000040414778)
[LOG] SoundI::release                          : release subsounds. (000000003DC0B1B8)
[LOG] SoundI::release                          :     Salita_02 (000000003FE9EA28)
[LOG] SoundI::release                          : release codec. (000000003DC0B1B8)
[LOG] AsyncThread::threadFunc                  : Starting Asynchronous operation on sound 000000003DC09FD8
[LOG] AsyncThread::threadFunc                  : Finished Asynchronous operation on sound 000000003DC09FD8
[LOG] SystemI::createSound                     : filename = Assets\FMOD\BuildFmod\Desktop/Master Bank.bank : mode 02010082
[LOG] SystemI::createSound                     : FMOD_NONBLOCKING specified.  Putting into queue to be opened asynchronously!
[LOG] SystemI::createSound                     : setdata soundi = 000000003FD89E08 : node = 0000000012504630
[LOG] SystemI::createSound                     : add node to async list : head = 000000003FE9CBF8.  list count = 0
[LOG] AsyncThread::threadFunc                  : Starting Asynchronous operation on sound 000000003FD89E08
[LOG] SystemI::createSoundInternal             :     filename = Assets\FMOD\BuildFmod\Desktop/Master Bank.bank : mode 02010082
[LOG] SystemI::createSoundInternal             :     exinfo->cbsize             = 232
[LOG] SystemI::createSoundInternal             :     exinfo->length             = 3622336
[LOG] SystemI::createSoundInternal             :     exinfo->fileoffset         = 22368
[LOG] SystemI::createSoundInternal             :     exinfo->numsubsounds       = 1
[LOG] SystemI::createSoundInternal             :     exinfo->inclusionlist      = 0000000012504748
[LOG] SystemI::createSoundInternal             :     exinfo->inclusionlistnum   = 1
[LOG] SystemI::createSoundInternal             :     exinfo->suggestedsoundtype = 5
[LOG] SystemI::createSoundInternal             :     exinfo->initialseekpostype = 1
[LOG] SystemI::createSoundInternal             :     Format has 1 subsounds.
[LOG] SystemI::createSoundInternal             :     Create as FMOD_CREATESTREAM
[LOG] System::createSoundInternal              :     decode buffersize = 19200 : blocksize = 256 : format = 2
[LOG] SystemI::createSample                    :     mode 02010082 length 19200 samples, lengthbytes 565568
[LOG] SystemI::createSample                    :     channels = 2
[LOG] SystemI::createSample                    :     output = 000000003DC4DAA8
[LOG] OutputSoftware::createSample             :     lengthpcm 19200, lengthbytes 565568, channels 2, format 2, freq 48000, mode 0201008a
[LOG] System::createSoundInternal              :     1 subsounds detected.
[LOG] System::createSoundInternal              :     Seek stream to start
[LOG] System::createSoundInternal              :     flush stream buffer
[LOG] System::createSoundInternal              :     flush successful.
[LOG] System::createSoundInternal              :     switch file handle from small blocking single buffered to large nonblocking doublebuffered.
[LOG] SystemI::createSoundInternal             :     done.  OpenState now = FMOD_OPENSTATE_READY.

[LOG] AsyncThread::threadFunc                  : Finished Asynchronous operation on sound 000000003FD89E08
[LOG] SoundI::getSubSound                      : sound 000000003FD89E08.  Subsound index 0 / 1
[LOG] SoundI::release                          : Level (000000003FE62CD8)
[LOG] SoundI::release                          : remove stream samples. (000000003FE62CD8)
[LOG] SoundI::release                          :     Level (00000000125B6B28)
[LOG] SoundI::release                          : release subsounds. (000000003FE62CD8)
[LOG] SoundI::release                          :     Level (000000003DC09FD8)
[LOG] SoundI::release                          : release codec. (000000003FE62CD8)
[LOG] SoundI::release                          : Agitato_03 (000000003DC09E38)
[LOG] SoundI::release                          : remove stream samples. (000000003DC09E38)
[LOG] SoundI::release                          :     Agitato_03 (0000000040414458)
[LOG] SoundI::release                          : release subsounds. (000000003DC09E38)
[LOG] SoundI::release                          :     Agitato_03 (000000003FE9E548)
[LOG] SoundI::release                          : release codec. (000000003DC09E38)
[LOG] SoundI::release                          : Salita_02 (000000003FD89E08)
[LOG] SoundI::release                          : remove stream samples. (000000003FD89E08)
[LOG] SoundI::release                          :     Salita_02 (00000000404142C8)
[LOG] SoundI::release                          : release subsounds. (000000003FD89E08)
[LOG] SoundI::release                          :     Salita_02 (000000003FE9EA28)
[LOG] SoundI::release                          : release codec. (000000003FD89E08)
[LOG] SoundI::release                          :  (000000003FE99A98)
[LOG] SoundI::release                          : release subsounds. (000000003FE99A98)
[LOG] SoundI::release                          :     SFX_Gatling (00000000125B6CB8)
[LOG] SoundI::release                          : release codec. (000000003FE99A98)
[LOG] SoundI::release                          :  (000000003FD96438)
[LOG] SoundI::release                          : release subsounds. (000000003FD96438)
[LOG] SoundI::release                          :     footsteps_concrete_04-01 (000000003FD6D008)
[LOG] SoundI::release                          : release codec. (000000003FD96438)
[LOG] SoundI::release                          :  (000000003FE99C08)
[LOG] SoundI::release                          : release subsounds. (000000003FE99C08)
[LOG] SoundI::release                          :     footsteps_concrete_05-01 (00000000125B6678)
[LOG] SoundI::release                          : release codec. (000000003FE99C08)
[LOG] SoundI::release                          :  (000000003FE9A058)
[LOG] SoundI::release                          : release subsounds. (000000003FE9A058)
[LOG] SoundI::release                          :     footsteps_concrete_06-01 (000000000E387978)
[LOG] SoundI::release                          : release codec. (000000003FE9A058)
[LOG] SoundI::release                          :  (000000000E3841C8)
[LOG] SoundI::release                          : release subsounds. (000000000E3841C8)
[LOG] SoundI::release                          :     footsteps_concrete_07-01 (00000000125B6808)
[LOG] SoundI::release                          : release codec. (000000000E3841C8)
[LOG] SoundI::release                          :  (000000003FE99928)
[LOG] SoundI::release                          : release subsounds. (000000003FE99928)
[LOG] SoundI::release                          :     footsteps_concrete_10-01 (000000000E387658)
[LOG] SoundI::release                          : release codec. (000000003FE99928)
[LOG] SoundI::release                          :  (000000003FE994D8)
[LOG] SoundI::release                          : release subsounds. (000000003FE994D8)
[LOG] SoundI::release                          :     footsteps_concrete_01-01 (00000000125B64E8)
[LOG] SoundI::release                          : release codec. (000000003FE994D8)
[LOG] SoundI::release                          :  (000000003FD96718)
[LOG] SoundI::release                          : release subsounds. (000000003FD96718)
[LOG] SoundI::release                          :     footsteps_concrete_02-01 (000000003FD6D198)
[LOG] SoundI::release                          : release codec. (000000003FD96718)
[LOG] SoundI::release                          :  (000000003FE997B8)
[LOG] SoundI::release                          : release subsounds. (000000003FE997B8)
[LOG] SoundI::release                          :     footsteps_concrete_03-01 (00000000125B7168)
[LOG] SoundI::release                          : release codec. (000000003FE997B8)
[LOG] Thread::callback                         : * FMOD Studio update thread finished
[LOG] Thread::close                            : FMOD Studio update thread thread destroyed
[LOG] Thread::callback                         : * FMOD Studio bank load thread finished
[LOG] Thread::close                            : FMOD Studio bank load thread thread destroyed
[LOG] Profile::disconnectAll                   : Profiler disconnecting all clients
[LOG] Thread::callback                         : * FMOD Studio sample load thread finished
[LOG] Thread::close                            : FMOD Studio sample load thread thread destroyed
[LOG] LiveUpdate::release                      : 
[LOG] LiveUpdate::reset                        : Reset connection (reason Disconnected)
[LOG] SystemI::close                           : 
[LOG] SystemI::close                           : Stop all sounds
[LOG] Thread::callback                         : * FMOD stream thread finished
[LOG] Thread::close                            : FMOD stream thread thread destroyed
[LOG] SystemI::close                           : Stream thread destroyed
[LOG] Thread::callback                         : * FMOD mixer thread finished
[LOG] Thread::close                            : FMOD mixer thread thread destroyed
[LOG] SystemI::close                           : Free master channel group.
[LOG] SystemI::close                           : Remove 'master' sound group.
[LOG] SystemI::close                           : Free software output.
[LOG] SystemI::close                           : Free emulated output.
[LOG] SystemI::close                           : Free channel pool.
[LOG] Thread::callback                         : * FMOD nonblocking thread (0) finished
[LOG] Thread::close                            : FMOD nonblocking thread (0) thread destroyed
[LOG] Thread::callback                         : * FMOD file thread finished
[LOG] Thread::close                            : FMOD file thread thread destroyed
[LOG] SystemI::close                           : done.

